2019-01-13 00:10:19,147 INFO (StartupInfoLogger.java:50)- Starting BackendApplication on DESKTOP-OPPBBMB with PID 35392 (started by cherry in D:\IntellliJ Idea\Workspace\smartGreenBackend)
2019-01-13 00:10:19,215 DEBUG (StartupInfoLogger.java:53)- Running with Spring Boot v2.1.1.RELEASE, Spring v5.1.3.RELEASE
2019-01-13 00:10:19,242 INFO (SpringApplication.java:675)- No active profile set, falling back to default profiles: default
2019-01-13 00:10:28,169 INFO (StartupInfoLogger.java:59)- Started BackendApplication in 11.543 seconds (JVM running for 18.77)
2019-01-13 00:10:55,764 INFO (GetMoreDetailController.java:31)- MoreDetail数据:master_uuid[S000120020019],uuid[S000120030002],type[day],startTime[1452182400],endTime[1470967200]
2019-01-13 00:11:35,610 DEBUG (BaseJdbcLogger.java:159)- ==>  Preparing: select slave_uuid from r_floor_room_t where master_uuid = ? 
2019-01-13 00:11:35,703 DEBUG (BaseJdbcLogger.java:159)- ==> Parameters: S000120020019(String)
2019-01-13 00:11:35,799 DEBUG (BaseJdbcLogger.java:159)- <==      Total: 84
2019-01-13 00:11:35,802 DEBUG (BaseJdbcLogger.java:159)- ==>  Preparing: select id, uuid, name, `desc`, `order` from e_room_t where uuid = ? 
2019-01-13 00:11:35,803 DEBUG (BaseJdbcLogger.java:159)- ==> Parameters: S000120030001(String)
2019-01-13 00:11:35,818 DEBUG (BaseJdbcLogger.java:159)- <==      Total: 1
2019-01-13 00:11:35,820 DEBUG (BaseJdbcLogger.java:159)- ==>  Preparing: select run_at, value from d_room_day_t where uuid = ? and run_at >= ? and run_at <= ? 
2019-01-13 00:11:35,821 DEBUG (BaseJdbcLogger.java:159)- ==> Parameters: S000120030001(String), 1452182400000(Long), 1470967200000(Long)
2019-01-13 00:11:35,859 DEBUG (BaseJdbcLogger.java:159)- <==      Total: 218
2019-01-13 00:12:15,741 DEBUG (BaseJdbcLogger.java:159)- ==>  Preparing: select id, uuid, name, `desc`, `order` from e_room_t where uuid = ? 
2019-01-13 00:12:15,742 DEBUG (BaseJdbcLogger.java:159)- ==> Parameters: S000120030002(String)
2019-01-13 00:12:15,756 DEBUG (BaseJdbcLogger.java:159)- <==      Total: 1
2019-01-13 00:12:15,757 DEBUG (BaseJdbcLogger.java:159)- ==>  Preparing: select run_at, value from d_room_day_t where uuid = ? and run_at >= ? and run_at <= ? 
2019-01-13 00:12:15,758 DEBUG (BaseJdbcLogger.java:159)- ==> Parameters: S000120030002(String), 1452182400000(Long), 1470967200000(Long)
2019-01-13 00:12:15,791 DEBUG (BaseJdbcLogger.java:159)- <==      Total: 218
2019-01-13 00:12:15,793 DEBUG (BaseJdbcLogger.java:159)- ==>  Preparing: select id, uuid, name, `desc`, `order` from e_room_t where uuid = ? 
2019-01-13 00:12:15,794 DEBUG (BaseJdbcLogger.java:159)- ==> Parameters: S000120030003(String)
2019-01-13 00:12:15,805 DEBUG (BaseJdbcLogger.java:159)- <==      Total: 1
2019-01-13 00:12:15,807 DEBUG (BaseJdbcLogger.java:159)- ==>  Preparing: select run_at, value from d_room_day_t where uuid = ? and run_at >= ? and run_at <= ? 
2019-01-13 00:12:15,808 DEBUG (BaseJdbcLogger.java:159)- ==> Parameters: S000120030003(String), 1452182400000(Long), 1470967200000(Long)
2019-01-13 00:12:15,834 DEBUG (BaseJdbcLogger.java:159)- <==      Total: 218
2019-01-13 00:12:15,837 DEBUG (BaseJdbcLogger.java:159)- ==>  Preparing: select id, uuid, name, `desc`, `order` from e_room_t where uuid = ? 
2019-01-13 00:12:15,838 DEBUG (BaseJdbcLogger.java:159)- ==> Parameters: S000120030004(String)
2019-01-13 00:12:15,849 DEBUG (BaseJdbcLogger.java:159)- <==      Total: 1
2019-01-13 00:12:15,850 DEBUG (BaseJdbcLogger.java:159)- ==>  Preparing: select run_at, value from d_room_day_t where uuid = ? and run_at >= ? and run_at <= ? 
2019-01-13 00:12:15,851 DEBUG (BaseJdbcLogger.java:159)- ==> Parameters: S000120030004(String), 1452182400000(Long), 1470967200000(Long)
2019-01-13 00:12:15,874 DEBUG (BaseJdbcLogger.java:159)- <==      Total: 218
2019-01-13 00:12:15,876 DEBUG (BaseJdbcLogger.java:159)- ==>  Preparing: select id, uuid, name, `desc`, `order` from e_room_t where uuid = ? 
2019-01-13 00:12:15,877 DEBUG (BaseJdbcLogger.java:159)- ==> Parameters: S000120030005(String)
2019-01-13 00:12:15,888 DEBUG (BaseJdbcLogger.java:159)- <==      Total: 1
2019-01-13 00:12:15,889 DEBUG (BaseJdbcLogger.java:159)- ==>  Preparing: select run_at, value from d_room_day_t where uuid = ? and run_at >= ? and run_at <= ? 
2019-01-13 00:12:15,890 DEBUG (BaseJdbcLogger.java:159)- ==> Parameters: S000120030005(String), 1452182400000(Long), 1470967200000(Long)
2019-01-13 00:12:15,905 DEBUG (BaseJdbcLogger.java:159)- <==      Total: 218
2019-01-13 00:12:15,906 DEBUG (BaseJdbcLogger.java:159)- ==>  Preparing: select id, uuid, name, `desc`, `order` from e_room_t where uuid = ? 
2019-01-13 00:12:15,907 DEBUG (BaseJdbcLogger.java:159)- ==> Parameters: S000120030006(String)
2019-01-13 00:12:15,918 DEBUG (BaseJdbcLogger.java:159)- <==      Total: 1
2019-01-13 00:12:15,919 DEBUG (BaseJdbcLogger.java:159)- ==>  Preparing: select run_at, value from d_room_day_t where uuid = ? and run_at >= ? and run_at <= ? 
2019-01-13 00:12:15,919 DEBUG (BaseJdbcLogger.java:159)- ==> Parameters: S000120030006(String), 1452182400000(Long), 1470967200000(Long)
2019-01-13 00:12:15,934 DEBUG (BaseJdbcLogger.java:159)- <==      Total: 218
2019-01-13 00:12:15,935 DEBUG (BaseJdbcLogger.java:159)- ==>  Preparing: select id, uuid, name, `desc`, `order` from e_room_t where uuid = ? 
2019-01-13 00:12:15,935 DEBUG (BaseJdbcLogger.java:159)- ==> Parameters: S000120030007(String)
2019-01-13 00:12:15,945 DEBUG (BaseJdbcLogger.java:159)- <==      Total: 1
2019-01-13 00:12:15,946 DEBUG (BaseJdbcLogger.java:159)- ==>  Preparing: select run_at, value from d_room_day_t where uuid = ? and run_at >= ? and run_at <= ? 
2019-01-13 00:12:15,947 DEBUG (BaseJdbcLogger.java:159)- ==> Parameters: S000120030007(String), 1452182400000(Long), 1470967200000(Long)
2019-01-13 00:12:15,961 DEBUG (BaseJdbcLogger.java:159)- <==      Total: 218
2019-01-13 00:12:15,962 DEBUG (BaseJdbcLogger.java:159)- ==>  Preparing: select id, uuid, name, `desc`, `order` from e_room_t where uuid = ? 
2019-01-13 00:12:15,964 DEBUG (BaseJdbcLogger.java:159)- ==> Parameters: S000120030008(String)
2019-01-13 00:12:15,976 DEBUG (BaseJdbcLogger.java:159)- <==      Total: 1
2019-01-13 00:12:15,979 DEBUG (BaseJdbcLogger.java:159)- ==>  Preparing: select run_at, value from d_room_day_t where uuid = ? and run_at >= ? and run_at <= ? 
2019-01-13 00:12:15,980 DEBUG (BaseJdbcLogger.java:159)- ==> Parameters: S000120030008(String), 1452182400000(Long), 1470967200000(Long)
2019-01-13 00:12:15,994 DEBUG (BaseJdbcLogger.java:159)- <==      Total: 218
2019-01-13 00:12:15,996 DEBUG (BaseJdbcLogger.java:159)- ==>  Preparing: select id, uuid, name, `desc`, `order` from e_room_t where uuid = ? 
2019-01-13 00:12:15,996 DEBUG (BaseJdbcLogger.java:159)- ==> Parameters: S000120030009(String)
2019-01-13 00:12:16,006 DEBUG (BaseJdbcLogger.java:159)- <==      Total: 1
2019-01-13 00:12:16,008 DEBUG (BaseJdbcLogger.java:159)- ==>  Preparing: select run_at, value from d_room_day_t where uuid = ? and run_at >= ? and run_at <= ? 
2019-01-13 00:12:16,009 DEBUG (BaseJdbcLogger.java:159)- ==> Parameters: S000120030009(String), 1452182400000(Long), 1470967200000(Long)
2019-01-13 00:12:16,024 DEBUG (BaseJdbcLogger.java:159)- <==      Total: 218
2019-01-13 00:12:16,025 DEBUG (BaseJdbcLogger.java:159)- ==>  Preparing: select id, uuid, name, `desc`, `order` from e_room_t where uuid = ? 
2019-01-13 00:12:16,025 DEBUG (BaseJdbcLogger.java:159)- ==> Parameters: S000120030010(String)
2019-01-13 00:12:16,035 DEBUG (BaseJdbcLogger.java:159)- <==      Total: 1
2019-01-13 00:12:16,037 DEBUG (BaseJdbcLogger.java:159)- ==>  Preparing: select run_at, value from d_room_day_t where uuid = ? and run_at >= ? and run_at <= ? 
2019-01-13 00:12:16,037 DEBUG (BaseJdbcLogger.java:159)- ==> Parameters: S000120030010(String), 1452182400000(Long), 1470967200000(Long)
2019-01-13 00:12:16,052 DEBUG (BaseJdbcLogger.java:159)- <==      Total: 218
2019-01-13 00:12:16,053 DEBUG (BaseJdbcLogger.java:159)- ==>  Preparing: select id, uuid, name, `desc`, `order` from e_room_t where uuid = ? 
2019-01-13 00:12:16,054 DEBUG (BaseJdbcLogger.java:159)- ==> Parameters: S000120030011(String)
2019-01-13 00:12:16,065 DEBUG (BaseJdbcLogger.java:159)- <==      Total: 1
2019-01-13 00:12:16,066 DEBUG (BaseJdbcLogger.java:159)- ==>  Preparing: select run_at, value from d_room_day_t where uuid = ? and run_at >= ? and run_at <= ? 
2019-01-13 00:12:16,066 DEBUG (BaseJdbcLogger.java:159)- ==> Parameters: S000120030011(String), 1452182400000(Long), 1470967200000(Long)
2019-01-13 00:12:16,081 DEBUG (BaseJdbcLogger.java:159)- <==      Total: 218
2019-01-13 00:12:16,082 DEBUG (BaseJdbcLogger.java:159)- ==>  Preparing: select id, uuid, name, `desc`, `order` from e_room_t where uuid = ? 
2019-01-13 00:12:16,082 DEBUG (BaseJdbcLogger.java:159)- ==> Parameters: S000120030012(String)
2019-01-13 00:12:16,093 DEBUG (BaseJdbcLogger.java:159)- <==      Total: 1
2019-01-13 00:12:16,094 DEBUG (BaseJdbcLogger.java:159)- ==>  Preparing: select run_at, value from d_room_day_t where uuid = ? and run_at >= ? and run_at <= ? 
2019-01-13 00:12:16,095 DEBUG (BaseJdbcLogger.java:159)- ==> Parameters: S000120030012(String), 1452182400000(Long), 1470967200000(Long)
2019-01-13 00:12:16,109 DEBUG (BaseJdbcLogger.java:159)- <==      Total: 218
2019-01-13 00:12:16,109 DEBUG (BaseJdbcLogger.java:159)- ==>  Preparing: select id, uuid, name, `desc`, `order` from e_room_t where uuid = ? 
2019-01-13 00:12:16,110 DEBUG (BaseJdbcLogger.java:159)- ==> Parameters: S000120030013(String)
2019-01-13 00:12:16,120 DEBUG (BaseJdbcLogger.java:159)- <==      Total: 1
2019-01-13 00:12:16,121 DEBUG (BaseJdbcLogger.java:159)- ==>  Preparing: select run_at, value from d_room_day_t where uuid = ? and run_at >= ? and run_at <= ? 
2019-01-13 00:12:16,121 DEBUG (BaseJdbcLogger.java:159)- ==> Parameters: S000120030013(String), 1452182400000(Long), 1470967200000(Long)
2019-01-13 00:12:16,136 DEBUG (BaseJdbcLogger.java:159)- <==      Total: 218
2019-01-13 00:12:16,138 DEBUG (BaseJdbcLogger.java:159)- ==>  Preparing: select id, uuid, name, `desc`, `order` from e_room_t where uuid = ? 
2019-01-13 00:12:16,138 DEBUG (BaseJdbcLogger.java:159)- ==> Parameters: S000120030014(String)
2019-01-13 00:12:16,148 DEBUG (BaseJdbcLogger.java:159)- <==      Total: 1
2019-01-13 00:12:16,149 DEBUG (BaseJdbcLogger.java:159)- ==>  Preparing: select run_at, value from d_room_day_t where uuid = ? and run_at >= ? and run_at <= ? 
2019-01-13 00:12:16,150 DEBUG (BaseJdbcLogger.java:159)- ==> Parameters: S000120030014(String), 1452182400000(Long), 1470967200000(Long)
2019-01-13 00:12:16,164 DEBUG (BaseJdbcLogger.java:159)- <==      Total: 218
2019-01-13 00:12:16,165 DEBUG (BaseJdbcLogger.java:159)- ==>  Preparing: select id, uuid, name, `desc`, `order` from e_room_t where uuid = ? 
2019-01-13 00:12:16,165 DEBUG (BaseJdbcLogger.java:159)- ==> Parameters: S000120030015(String)
2019-01-13 00:12:16,175 DEBUG (BaseJdbcLogger.java:159)- <==      Total: 1
2019-01-13 00:12:16,177 DEBUG (BaseJdbcLogger.java:159)- ==>  Preparing: select run_at, value from d_room_day_t where uuid = ? and run_at >= ? and run_at <= ? 
2019-01-13 00:12:16,178 DEBUG (BaseJdbcLogger.java:159)- ==> Parameters: S000120030015(String), 1452182400000(Long), 1470967200000(Long)
2019-01-13 00:12:16,193 DEBUG (BaseJdbcLogger.java:159)- <==      Total: 218
2019-01-13 00:12:16,195 DEBUG (BaseJdbcLogger.java:159)- ==>  Preparing: select id, uuid, name, `desc`, `order` from e_room_t where uuid = ? 
2019-01-13 00:12:16,196 DEBUG (BaseJdbcLogger.java:159)- ==> Parameters: S000120030016(String)
2019-01-13 00:12:16,208 DEBUG (BaseJdbcLogger.java:159)- <==      Total: 1
2019-01-13 00:12:16,210 DEBUG (BaseJdbcLogger.java:159)- ==>  Preparing: select run_at, value from d_room_day_t where uuid = ? and run_at >= ? and run_at <= ? 
2019-01-13 00:12:16,210 DEBUG (BaseJdbcLogger.java:159)- ==> Parameters: S000120030016(String), 1452182400000(Long), 1470967200000(Long)
2019-01-13 00:12:16,224 DEBUG (BaseJdbcLogger.java:159)- <==      Total: 218
2019-01-13 00:12:16,225 DEBUG (BaseJdbcLogger.java:159)- ==>  Preparing: select id, uuid, name, `desc`, `order` from e_room_t where uuid = ? 
2019-01-13 00:12:16,226 DEBUG (BaseJdbcLogger.java:159)- ==> Parameters: S000120030017(String)
2019-01-13 00:12:16,236 DEBUG (BaseJdbcLogger.java:159)- <==      Total: 1
2019-01-13 00:12:16,238 DEBUG (BaseJdbcLogger.java:159)- ==>  Preparing: select run_at, value from d_room_day_t where uuid = ? and run_at >= ? and run_at <= ? 
2019-01-13 00:12:16,239 DEBUG (BaseJdbcLogger.java:159)- ==> Parameters: S000120030017(String), 1452182400000(Long), 1470967200000(Long)
2019-01-13 00:12:16,276 DEBUG (BaseJdbcLogger.java:159)- <==      Total: 218
2019-01-13 00:12:16,277 DEBUG (BaseJdbcLogger.java:159)- ==>  Preparing: select id, uuid, name, `desc`, `order` from e_room_t where uuid = ? 
2019-01-13 00:12:16,278 DEBUG (BaseJdbcLogger.java:159)- ==> Parameters: S000120030018(String)
2019-01-13 00:12:16,288 DEBUG (BaseJdbcLogger.java:159)- <==      Total: 1
2019-01-13 00:12:16,289 DEBUG (BaseJdbcLogger.java:159)- ==>  Preparing: select run_at, value from d_room_day_t where uuid = ? and run_at >= ? and run_at <= ? 
2019-01-13 00:12:16,289 DEBUG (BaseJdbcLogger.java:159)- ==> Parameters: S000120030018(String), 1452182400000(Long), 1470967200000(Long)
2019-01-13 00:12:16,303 DEBUG (BaseJdbcLogger.java:159)- <==      Total: 218
2019-01-13 00:12:16,304 DEBUG (BaseJdbcLogger.java:159)- ==>  Preparing: select id, uuid, name, `desc`, `order` from e_room_t where uuid = ? 
2019-01-13 00:12:16,305 DEBUG (BaseJdbcLogger.java:159)- ==> Parameters: S000120030019(String)
2019-01-13 00:12:16,315 DEBUG (BaseJdbcLogger.java:159)- <==      Total: 1
2019-01-13 00:12:16,316 DEBUG (BaseJdbcLogger.java:159)- ==>  Preparing: select run_at, value from d_room_day_t where uuid = ? and run_at >= ? and run_at <= ? 
2019-01-13 00:12:16,316 DEBUG (BaseJdbcLogger.java:159)- ==> Parameters: S000120030019(String), 1452182400000(Long), 1470967200000(Long)
2019-01-13 00:12:16,333 DEBUG (BaseJdbcLogger.java:159)- <==      Total: 218
2019-01-13 00:12:16,334 DEBUG (BaseJdbcLogger.java:159)- ==>  Preparing: select id, uuid, name, `desc`, `order` from e_room_t where uuid = ? 
2019-01-13 00:12:16,335 DEBUG (BaseJdbcLogger.java:159)- ==> Parameters: S000120030020(String)
2019-01-13 00:12:16,345 DEBUG (BaseJdbcLogger.java:159)- <==      Total: 1
2019-01-13 00:12:16,349 DEBUG (BaseJdbcLogger.java:159)- ==>  Preparing: select run_at, value from d_room_day_t where uuid = ? and run_at >= ? and run_at <= ? 
2019-01-13 00:12:16,350 DEBUG (BaseJdbcLogger.java:159)- ==> Parameters: S000120030020(String), 1452182400000(Long), 1470967200000(Long)
2019-01-13 00:12:16,365 DEBUG (BaseJdbcLogger.java:159)- <==      Total: 218
2019-01-13 00:12:16,367 DEBUG (BaseJdbcLogger.java:159)- ==>  Preparing: select id, uuid, name, `desc`, `order` from e_room_t where uuid = ? 
2019-01-13 00:12:16,368 DEBUG (BaseJdbcLogger.java:159)- ==> Parameters: S000120030021(String)
2019-01-13 00:12:16,378 DEBUG (BaseJdbcLogger.java:159)- <==      Total: 1
2019-01-13 00:12:16,380 DEBUG (BaseJdbcLogger.java:159)- ==>  Preparing: select run_at, value from d_room_day_t where uuid = ? and run_at >= ? and run_at <= ? 
2019-01-13 00:12:16,381 DEBUG (BaseJdbcLogger.java:159)- ==> Parameters: S000120030021(String), 1452182400000(Long), 1470967200000(Long)
2019-01-13 00:12:16,396 DEBUG (BaseJdbcLogger.java:159)- <==      Total: 218
2019-01-13 00:12:16,397 DEBUG (BaseJdbcLogger.java:159)- ==>  Preparing: select id, uuid, name, `desc`, `order` from e_room_t where uuid = ? 
2019-01-13 00:12:16,398 DEBUG (BaseJdbcLogger.java:159)- ==> Parameters: S000120030022(String)
2019-01-13 00:12:16,408 DEBUG (BaseJdbcLogger.java:159)- <==      Total: 1
2019-01-13 00:12:16,409 DEBUG (BaseJdbcLogger.java:159)- ==>  Preparing: select run_at, value from d_room_day_t where uuid = ? and run_at >= ? and run_at <= ? 
2019-01-13 00:12:16,410 DEBUG (BaseJdbcLogger.java:159)- ==> Parameters: S000120030022(String), 1452182400000(Long), 1470967200000(Long)
2019-01-13 00:12:16,425 DEBUG (BaseJdbcLogger.java:159)- <==      Total: 218
2019-01-13 00:12:16,426 DEBUG (BaseJdbcLogger.java:159)- ==>  Preparing: select id, uuid, name, `desc`, `order` from e_room_t where uuid = ? 
2019-01-13 00:12:16,426 DEBUG (BaseJdbcLogger.java:159)- ==> Parameters: S000120030023(String)
2019-01-13 00:12:16,436 DEBUG (BaseJdbcLogger.java:159)- <==      Total: 1
2019-01-13 00:12:16,437 DEBUG (BaseJdbcLogger.java:159)- ==>  Preparing: select run_at, value from d_room_day_t where uuid = ? and run_at >= ? and run_at <= ? 
2019-01-13 00:12:16,438 DEBUG (BaseJdbcLogger.java:159)- ==> Parameters: S000120030023(String), 1452182400000(Long), 1470967200000(Long)
2019-01-13 00:12:16,453 DEBUG (BaseJdbcLogger.java:159)- <==      Total: 218
2019-01-13 00:12:16,454 DEBUG (BaseJdbcLogger.java:159)- ==>  Preparing: select id, uuid, name, `desc`, `order` from e_room_t where uuid = ? 
2019-01-13 00:12:16,454 DEBUG (BaseJdbcLogger.java:159)- ==> Parameters: S000120030024(String)
2019-01-13 00:12:16,465 DEBUG (BaseJdbcLogger.java:159)- <==      Total: 1
2019-01-13 00:12:16,466 DEBUG (BaseJdbcLogger.java:159)- ==>  Preparing: select run_at, value from d_room_day_t where uuid = ? and run_at >= ? and run_at <= ? 
2019-01-13 00:12:16,466 DEBUG (BaseJdbcLogger.java:159)- ==> Parameters: S000120030024(String), 1452182400000(Long), 1470967200000(Long)
2019-01-13 00:12:16,484 DEBUG (BaseJdbcLogger.java:159)- <==      Total: 218
2019-01-13 00:12:16,485 DEBUG (BaseJdbcLogger.java:159)- ==>  Preparing: select id, uuid, name, `desc`, `order` from e_room_t where uuid = ? 
2019-01-13 00:12:16,486 DEBUG (BaseJdbcLogger.java:159)- ==> Parameters: S000120030025(String)
2019-01-13 00:12:16,496 DEBUG (BaseJdbcLogger.java:159)- <==      Total: 1
2019-01-13 00:12:16,497 DEBUG (BaseJdbcLogger.java:159)- ==>  Preparing: select run_at, value from d_room_day_t where uuid = ? and run_at >= ? and run_at <= ? 
2019-01-13 00:12:16,497 DEBUG (BaseJdbcLogger.java:159)- ==> Parameters: S000120030025(String), 1452182400000(Long), 1470967200000(Long)
2019-01-13 00:12:16,512 DEBUG (BaseJdbcLogger.java:159)- <==      Total: 218
2019-01-13 00:12:16,512 DEBUG (BaseJdbcLogger.java:159)- ==>  Preparing: select id, uuid, name, `desc`, `order` from e_room_t where uuid = ? 
2019-01-13 00:12:16,513 DEBUG (BaseJdbcLogger.java:159)- ==> Parameters: S000120030026(String)
2019-01-13 00:12:16,523 DEBUG (BaseJdbcLogger.java:159)- <==      Total: 1
2019-01-13 00:12:16,524 DEBUG (BaseJdbcLogger.java:159)- ==>  Preparing: select run_at, value from d_room_day_t where uuid = ? and run_at >= ? and run_at <= ? 
2019-01-13 00:12:16,524 DEBUG (BaseJdbcLogger.java:159)- ==> Parameters: S000120030026(String), 1452182400000(Long), 1470967200000(Long)
2019-01-13 00:12:16,540 DEBUG (BaseJdbcLogger.java:159)- <==      Total: 218
2019-01-13 00:12:16,541 DEBUG (BaseJdbcLogger.java:159)- ==>  Preparing: select id, uuid, name, `desc`, `order` from e_room_t where uuid = ? 
2019-01-13 00:12:16,541 DEBUG (BaseJdbcLogger.java:159)- ==> Parameters: S000120030027(String)
2019-01-13 00:12:16,551 DEBUG (BaseJdbcLogger.java:159)- <==      Total: 1
2019-01-13 00:12:16,552 DEBUG (BaseJdbcLogger.java:159)- ==>  Preparing: select run_at, value from d_room_day_t where uuid = ? and run_at >= ? and run_at <= ? 
2019-01-13 00:12:16,553 DEBUG (BaseJdbcLogger.java:159)- ==> Parameters: S000120030027(String), 1452182400000(Long), 1470967200000(Long)
2019-01-13 00:12:16,568 DEBUG (BaseJdbcLogger.java:159)- <==      Total: 218
2019-01-13 00:12:16,569 DEBUG (BaseJdbcLogger.java:159)- ==>  Preparing: select id, uuid, name, `desc`, `order` from e_room_t where uuid = ? 
2019-01-13 00:12:16,570 DEBUG (BaseJdbcLogger.java:159)- ==> Parameters: S000120030028(String)
2019-01-13 00:12:16,580 DEBUG (BaseJdbcLogger.java:159)- <==      Total: 1
2019-01-13 00:12:16,581 DEBUG (BaseJdbcLogger.java:159)- ==>  Preparing: select run_at, value from d_room_day_t where uuid = ? and run_at >= ? and run_at <= ? 
2019-01-13 00:12:16,582 DEBUG (BaseJdbcLogger.java:159)- ==> Parameters: S000120030028(String), 1452182400000(Long), 1470967200000(Long)
2019-01-13 00:12:16,598 DEBUG (BaseJdbcLogger.java:159)- <==      Total: 218
2019-01-13 00:12:16,599 DEBUG (BaseJdbcLogger.java:159)- ==>  Preparing: select id, uuid, name, `desc`, `order` from e_room_t where uuid = ? 
2019-01-13 00:12:16,600 DEBUG (BaseJdbcLogger.java:159)- ==> Parameters: S000120030029(String)
2019-01-13 00:12:16,610 DEBUG (BaseJdbcLogger.java:159)- <==      Total: 1
2019-01-13 00:12:16,611 DEBUG (BaseJdbcLogger.java:159)- ==>  Preparing: select run_at, value from d_room_day_t where uuid = ? and run_at >= ? and run_at <= ? 
2019-01-13 00:12:16,611 DEBUG (BaseJdbcLogger.java:159)- ==> Parameters: S000120030029(String), 1452182400000(Long), 1470967200000(Long)
2019-01-13 00:12:16,626 DEBUG (BaseJdbcLogger.java:159)- <==      Total: 218
2019-01-13 00:12:16,627 DEBUG (BaseJdbcLogger.java:159)- ==>  Preparing: select id, uuid, name, `desc`, `order` from e_room_t where uuid = ? 
2019-01-13 00:12:16,628 DEBUG (BaseJdbcLogger.java:159)- ==> Parameters: S000120030030(String)
2019-01-13 00:12:16,639 DEBUG (BaseJdbcLogger.java:159)- <==      Total: 1
2019-01-13 00:12:16,640 DEBUG (BaseJdbcLogger.java:159)- ==>  Preparing: select run_at, value from d_room_day_t where uuid = ? and run_at >= ? and run_at <= ? 
2019-01-13 00:12:16,641 DEBUG (BaseJdbcLogger.java:159)- ==> Parameters: S000120030030(String), 1452182400000(Long), 1470967200000(Long)
2019-01-13 00:12:16,667 DEBUG (BaseJdbcLogger.java:159)- <==      Total: 218
2019-01-13 00:12:16,668 DEBUG (BaseJdbcLogger.java:159)- ==>  Preparing: select id, uuid, name, `desc`, `order` from e_room_t where uuid = ? 
2019-01-13 00:12:16,669 DEBUG (BaseJdbcLogger.java:159)- ==> Parameters: S000120030031(String)
2019-01-13 00:12:16,682 DEBUG (BaseJdbcLogger.java:159)- <==      Total: 1
2019-01-13 00:12:16,683 DEBUG (BaseJdbcLogger.java:159)- ==>  Preparing: select run_at, value from d_room_day_t where uuid = ? and run_at >= ? and run_at <= ? 
2019-01-13 00:12:16,684 DEBUG (BaseJdbcLogger.java:159)- ==> Parameters: S000120030031(String), 1452182400000(Long), 1470967200000(Long)
2019-01-13 00:12:16,701 DEBUG (BaseJdbcLogger.java:159)- <==      Total: 218
2019-01-13 00:12:16,702 DEBUG (BaseJdbcLogger.java:159)- ==>  Preparing: select id, uuid, name, `desc`, `order` from e_room_t where uuid = ? 
2019-01-13 00:12:16,703 DEBUG (BaseJdbcLogger.java:159)- ==> Parameters: S000120030032(String)
2019-01-13 00:12:16,713 DEBUG (BaseJdbcLogger.java:159)- <==      Total: 1
2019-01-13 00:12:16,715 DEBUG (BaseJdbcLogger.java:159)- ==>  Preparing: select run_at, value from d_room_day_t where uuid = ? and run_at >= ? and run_at <= ? 
2019-01-13 00:12:16,715 DEBUG (BaseJdbcLogger.java:159)- ==> Parameters: S000120030032(String), 1452182400000(Long), 1470967200000(Long)
2019-01-13 00:12:16,732 DEBUG (BaseJdbcLogger.java:159)- <==      Total: 218
2019-01-13 00:12:16,733 DEBUG (BaseJdbcLogger.java:159)- ==>  Preparing: select id, uuid, name, `desc`, `order` from e_room_t where uuid = ? 
2019-01-13 00:12:16,734 DEBUG (BaseJdbcLogger.java:159)- ==> Parameters: S000120030033(String)
2019-01-13 00:12:16,744 DEBUG (BaseJdbcLogger.java:159)- <==      Total: 1
2019-01-13 00:12:16,745 DEBUG (BaseJdbcLogger.java:159)- ==>  Preparing: select run_at, value from d_room_day_t where uuid = ? and run_at >= ? and run_at <= ? 
2019-01-13 00:12:16,745 DEBUG (BaseJdbcLogger.java:159)- ==> Parameters: S000120030033(String), 1452182400000(Long), 1470967200000(Long)
2019-01-13 00:12:16,760 DEBUG (BaseJdbcLogger.java:159)- <==      Total: 218
2019-01-13 00:12:16,761 DEBUG (BaseJdbcLogger.java:159)- ==>  Preparing: select id, uuid, name, `desc`, `order` from e_room_t where uuid = ? 
2019-01-13 00:12:16,761 DEBUG (BaseJdbcLogger.java:159)- ==> Parameters: S000120030034(String)
2019-01-13 00:12:16,771 DEBUG (BaseJdbcLogger.java:159)- <==      Total: 1
2019-01-13 00:12:16,772 DEBUG (BaseJdbcLogger.java:159)- ==>  Preparing: select run_at, value from d_room_day_t where uuid = ? and run_at >= ? and run_at <= ? 
2019-01-13 00:12:16,772 DEBUG (BaseJdbcLogger.java:159)- ==> Parameters: S000120030034(String), 1452182400000(Long), 1470967200000(Long)
2019-01-13 00:12:16,784 DEBUG (BaseJdbcLogger.java:159)- <==      Total: 218
2019-01-13 00:12:16,785 DEBUG (BaseJdbcLogger.java:159)- ==>  Preparing: select id, uuid, name, `desc`, `order` from e_room_t where uuid = ? 
2019-01-13 00:12:16,786 DEBUG (BaseJdbcLogger.java:159)- ==> Parameters: S000120030035(String)
2019-01-13 00:12:16,796 DEBUG (BaseJdbcLogger.java:159)- <==      Total: 1
2019-01-13 00:12:16,797 DEBUG (BaseJdbcLogger.java:159)- ==>  Preparing: select run_at, value from d_room_day_t where uuid = ? and run_at >= ? and run_at <= ? 
2019-01-13 00:12:16,798 DEBUG (BaseJdbcLogger.java:159)- ==> Parameters: S000120030035(String), 1452182400000(Long), 1470967200000(Long)
2019-01-13 00:12:16,811 DEBUG (BaseJdbcLogger.java:159)- <==      Total: 218
2019-01-13 00:12:16,812 DEBUG (BaseJdbcLogger.java:159)- ==>  Preparing: select id, uuid, name, `desc`, `order` from e_room_t where uuid = ? 
2019-01-13 00:12:16,812 DEBUG (BaseJdbcLogger.java:159)- ==> Parameters: S000120030036(String)
2019-01-13 00:12:16,822 DEBUG (BaseJdbcLogger.java:159)- <==      Total: 1
2019-01-13 00:12:16,823 DEBUG (BaseJdbcLogger.java:159)- ==>  Preparing: select run_at, value from d_room_day_t where uuid = ? and run_at >= ? and run_at <= ? 
2019-01-13 00:12:16,823 DEBUG (BaseJdbcLogger.java:159)- ==> Parameters: S000120030036(String), 1452182400000(Long), 1470967200000(Long)
2019-01-13 00:12:16,840 DEBUG (BaseJdbcLogger.java:159)- <==      Total: 218
2019-01-13 00:12:16,841 DEBUG (BaseJdbcLogger.java:159)- ==>  Preparing: select id, uuid, name, `desc`, `order` from e_room_t where uuid = ? 
2019-01-13 00:12:16,841 DEBUG (BaseJdbcLogger.java:159)- ==> Parameters: S000120030037(String)
2019-01-13 00:12:16,851 DEBUG (BaseJdbcLogger.java:159)- <==      Total: 1
2019-01-13 00:12:16,852 DEBUG (BaseJdbcLogger.java:159)- ==>  Preparing: select run_at, value from d_room_day_t where uuid = ? and run_at >= ? and run_at <= ? 
2019-01-13 00:12:16,853 DEBUG (BaseJdbcLogger.java:159)- ==> Parameters: S000120030037(String), 1452182400000(Long), 1470967200000(Long)
2019-01-13 00:12:16,867 DEBUG (BaseJdbcLogger.java:159)- <==      Total: 218
2019-01-13 00:12:16,868 DEBUG (BaseJdbcLogger.java:159)- ==>  Preparing: select id, uuid, name, `desc`, `order` from e_room_t where uuid = ? 
2019-01-13 00:12:16,869 DEBUG (BaseJdbcLogger.java:159)- ==> Parameters: S000120030038(String)
2019-01-13 00:12:16,879 DEBUG (BaseJdbcLogger.java:159)- <==      Total: 1
2019-01-13 00:12:16,880 DEBUG (BaseJdbcLogger.java:159)- ==>  Preparing: select run_at, value from d_room_day_t where uuid = ? and run_at >= ? and run_at <= ? 
2019-01-13 00:12:16,881 DEBUG (BaseJdbcLogger.java:159)- ==> Parameters: S000120030038(String), 1452182400000(Long), 1470967200000(Long)
2019-01-13 00:12:16,894 DEBUG (BaseJdbcLogger.java:159)- <==      Total: 218
2019-01-13 00:12:16,895 DEBUG (BaseJdbcLogger.java:159)- ==>  Preparing: select id, uuid, name, `desc`, `order` from e_room_t where uuid = ? 
2019-01-13 00:12:16,896 DEBUG (BaseJdbcLogger.java:159)- ==> Parameters: S000120031322(String)
2019-01-13 00:12:16,906 DEBUG (BaseJdbcLogger.java:159)- <==      Total: 1
2019-01-13 00:12:16,906 DEBUG (BaseJdbcLogger.java:159)- ==>  Preparing: select run_at, value from d_room_day_t where uuid = ? and run_at >= ? and run_at <= ? 
2019-01-13 00:12:16,907 DEBUG (BaseJdbcLogger.java:159)- ==> Parameters: S000120031322(String), 1452182400000(Long), 1470967200000(Long)
2019-01-13 00:12:16,921 DEBUG (BaseJdbcLogger.java:159)- <==      Total: 218
2019-01-13 00:12:16,922 DEBUG (BaseJdbcLogger.java:159)- ==>  Preparing: select id, uuid, name, `desc`, `order` from e_room_t where uuid = ? 
2019-01-13 00:12:16,922 DEBUG (BaseJdbcLogger.java:159)- ==> Parameters: S000120031323(String)
2019-01-13 00:12:16,932 DEBUG (BaseJdbcLogger.java:159)- <==      Total: 1
2019-01-13 00:12:16,933 DEBUG (BaseJdbcLogger.java:159)- ==>  Preparing: select run_at, value from d_room_day_t where uuid = ? and run_at >= ? and run_at <= ? 
2019-01-13 00:12:16,934 DEBUG (BaseJdbcLogger.java:159)- ==> Parameters: S000120031323(String), 1452182400000(Long), 1470967200000(Long)
2019-01-13 00:12:16,950 DEBUG (BaseJdbcLogger.java:159)- <==      Total: 218
2019-01-13 00:12:16,951 DEBUG (BaseJdbcLogger.java:159)- ==>  Preparing: select id, uuid, name, `desc`, `order` from e_room_t where uuid = ? 
2019-01-13 00:12:16,951 DEBUG (BaseJdbcLogger.java:159)- ==> Parameters: S000120031324(String)
2019-01-13 00:12:16,962 DEBUG (BaseJdbcLogger.java:159)- <==      Total: 1
2019-01-13 00:12:16,963 DEBUG (BaseJdbcLogger.java:159)- ==>  Preparing: select run_at, value from d_room_day_t where uuid = ? and run_at >= ? and run_at <= ? 
2019-01-13 00:12:16,963 DEBUG (BaseJdbcLogger.java:159)- ==> Parameters: S000120031324(String), 1452182400000(Long), 1470967200000(Long)
2019-01-13 00:12:16,978 DEBUG (BaseJdbcLogger.java:159)- <==      Total: 218
2019-01-13 00:12:16,980 DEBUG (BaseJdbcLogger.java:159)- ==>  Preparing: select id, uuid, name, `desc`, `order` from e_room_t where uuid = ? 
2019-01-13 00:12:16,980 DEBUG (BaseJdbcLogger.java:159)- ==> Parameters: S000120031325(String)
2019-01-13 00:12:16,991 DEBUG (BaseJdbcLogger.java:159)- <==      Total: 1
2019-01-13 00:12:16,992 DEBUG (BaseJdbcLogger.java:159)- ==>  Preparing: select run_at, value from d_room_day_t where uuid = ? and run_at >= ? and run_at <= ? 
2019-01-13 00:12:16,993 DEBUG (BaseJdbcLogger.java:159)- ==> Parameters: S000120031325(String), 1452182400000(Long), 1470967200000(Long)
2019-01-13 00:12:17,003 DEBUG (BaseJdbcLogger.java:159)- <==      Total: 0
2019-01-13 00:12:17,004 DEBUG (BaseJdbcLogger.java:159)- ==>  Preparing: select id, uuid, name, `desc`, `order` from e_room_t where uuid = ? 
2019-01-13 00:12:17,004 DEBUG (BaseJdbcLogger.java:159)- ==> Parameters: S000120031326(String)
2019-01-13 00:12:17,014 DEBUG (BaseJdbcLogger.java:159)- <==      Total: 1
2019-01-13 00:12:17,015 DEBUG (BaseJdbcLogger.java:159)- ==>  Preparing: select run_at, value from d_room_day_t where uuid = ? and run_at >= ? and run_at <= ? 
2019-01-13 00:12:17,015 DEBUG (BaseJdbcLogger.java:159)- ==> Parameters: S000120031326(String), 1452182400000(Long), 1470967200000(Long)
2019-01-13 00:12:17,024 DEBUG (BaseJdbcLogger.java:159)- <==      Total: 0
2019-01-13 00:12:17,025 DEBUG (BaseJdbcLogger.java:159)- ==>  Preparing: select id, uuid, name, `desc`, `order` from e_room_t where uuid = ? 
2019-01-13 00:12:17,025 DEBUG (BaseJdbcLogger.java:159)- ==> Parameters: S000120031327(String)
2019-01-13 00:12:17,035 DEBUG (BaseJdbcLogger.java:159)- <==      Total: 1
2019-01-13 00:12:17,036 DEBUG (BaseJdbcLogger.java:159)- ==>  Preparing: select run_at, value from d_room_day_t where uuid = ? and run_at >= ? and run_at <= ? 
2019-01-13 00:12:17,037 DEBUG (BaseJdbcLogger.java:159)- ==> Parameters: S000120031327(String), 1452182400000(Long), 1470967200000(Long)
2019-01-13 00:12:17,046 DEBUG (BaseJdbcLogger.java:159)- <==      Total: 0
2019-01-13 00:12:17,047 DEBUG (BaseJdbcLogger.java:159)- ==>  Preparing: select id, uuid, name, `desc`, `order` from e_room_t where uuid = ? 
2019-01-13 00:12:17,047 DEBUG (BaseJdbcLogger.java:159)- ==> Parameters: S000120031328(String)
2019-01-13 00:12:17,057 DEBUG (BaseJdbcLogger.java:159)- <==      Total: 1
2019-01-13 00:12:17,058 DEBUG (BaseJdbcLogger.java:159)- ==>  Preparing: select run_at, value from d_room_day_t where uuid = ? and run_at >= ? and run_at <= ? 
2019-01-13 00:12:17,058 DEBUG (BaseJdbcLogger.java:159)- ==> Parameters: S000120031328(String), 1452182400000(Long), 1470967200000(Long)
2019-01-13 00:12:17,068 DEBUG (BaseJdbcLogger.java:159)- <==      Total: 0
2019-01-13 00:12:17,068 DEBUG (BaseJdbcLogger.java:159)- ==>  Preparing: select id, uuid, name, `desc`, `order` from e_room_t where uuid = ? 
2019-01-13 00:12:17,069 DEBUG (BaseJdbcLogger.java:159)- ==> Parameters: S000120031329(String)
2019-01-13 00:12:17,078 DEBUG (BaseJdbcLogger.java:159)- <==      Total: 1
2019-01-13 00:12:17,079 DEBUG (BaseJdbcLogger.java:159)- ==>  Preparing: select run_at, value from d_room_day_t where uuid = ? and run_at >= ? and run_at <= ? 
2019-01-13 00:12:17,080 DEBUG (BaseJdbcLogger.java:159)- ==> Parameters: S000120031329(String), 1452182400000(Long), 1470967200000(Long)
2019-01-13 00:12:17,089 DEBUG (BaseJdbcLogger.java:159)- <==      Total: 0
2019-01-13 00:12:17,089 DEBUG (BaseJdbcLogger.java:159)- ==>  Preparing: select id, uuid, name, `desc`, `order` from e_room_t where uuid = ? 
2019-01-13 00:12:17,090 DEBUG (BaseJdbcLogger.java:159)- ==> Parameters: S000120031330(String)
2019-01-13 00:12:17,100 DEBUG (BaseJdbcLogger.java:159)- <==      Total: 1
2019-01-13 00:12:17,100 DEBUG (BaseJdbcLogger.java:159)- ==>  Preparing: select run_at, value from d_room_day_t where uuid = ? and run_at >= ? and run_at <= ? 
2019-01-13 00:12:17,101 DEBUG (BaseJdbcLogger.java:159)- ==> Parameters: S000120031330(String), 1452182400000(Long), 1470967200000(Long)
2019-01-13 00:12:17,111 DEBUG (BaseJdbcLogger.java:159)- <==      Total: 0
2019-01-13 00:12:17,111 DEBUG (BaseJdbcLogger.java:159)- ==>  Preparing: select id, uuid, name, `desc`, `order` from e_room_t where uuid = ? 
2019-01-13 00:12:17,112 DEBUG (BaseJdbcLogger.java:159)- ==> Parameters: S000120031331(String)
2019-01-13 00:12:17,122 DEBUG (BaseJdbcLogger.java:159)- <==      Total: 1
2019-01-13 00:12:17,123 DEBUG (BaseJdbcLogger.java:159)- ==>  Preparing: select run_at, value from d_room_day_t where uuid = ? and run_at >= ? and run_at <= ? 
2019-01-13 00:12:17,123 DEBUG (BaseJdbcLogger.java:159)- ==> Parameters: S000120031331(String), 1452182400000(Long), 1470967200000(Long)
2019-01-13 00:12:17,140 DEBUG (BaseJdbcLogger.java:159)- <==      Total: 218
2019-01-13 00:12:17,140 DEBUG (BaseJdbcLogger.java:159)- ==>  Preparing: select id, uuid, name, `desc`, `order` from e_room_t where uuid = ? 
2019-01-13 00:12:17,141 DEBUG (BaseJdbcLogger.java:159)- ==> Parameters: S000120031332(String)
2019-01-13 00:12:17,151 DEBUG (BaseJdbcLogger.java:159)- <==      Total: 1
2019-01-13 00:12:17,152 DEBUG (BaseJdbcLogger.java:159)- ==>  Preparing: select run_at, value from d_room_day_t where uuid = ? and run_at >= ? and run_at <= ? 
2019-01-13 00:12:17,152 DEBUG (BaseJdbcLogger.java:159)- ==> Parameters: S000120031332(String), 1452182400000(Long), 1470967200000(Long)
2019-01-13 00:12:17,161 DEBUG (BaseJdbcLogger.java:159)- <==      Total: 0
2019-01-13 00:12:17,162 DEBUG (BaseJdbcLogger.java:159)- ==>  Preparing: select id, uuid, name, `desc`, `order` from e_room_t where uuid = ? 
2019-01-13 00:12:17,162 DEBUG (BaseJdbcLogger.java:159)- ==> Parameters: S000120031333(String)
2019-01-13 00:12:17,172 DEBUG (BaseJdbcLogger.java:159)- <==      Total: 1
2019-01-13 00:12:17,173 DEBUG (BaseJdbcLogger.java:159)- ==>  Preparing: select run_at, value from d_room_day_t where uuid = ? and run_at >= ? and run_at <= ? 
2019-01-13 00:12:17,173 DEBUG (BaseJdbcLogger.java:159)- ==> Parameters: S000120031333(String), 1452182400000(Long), 1470967200000(Long)
2019-01-13 00:12:17,182 DEBUG (BaseJdbcLogger.java:159)- <==      Total: 0
2019-01-13 00:12:17,183 DEBUG (BaseJdbcLogger.java:159)- ==>  Preparing: select id, uuid, name, `desc`, `order` from e_room_t where uuid = ? 
2019-01-13 00:12:17,183 DEBUG (BaseJdbcLogger.java:159)- ==> Parameters: S000120031334(String)
2019-01-13 00:12:17,193 DEBUG (BaseJdbcLogger.java:159)- <==      Total: 1
2019-01-13 00:12:17,194 DEBUG (BaseJdbcLogger.java:159)- ==>  Preparing: select run_at, value from d_room_day_t where uuid = ? and run_at >= ? and run_at <= ? 
2019-01-13 00:12:17,194 DEBUG (BaseJdbcLogger.java:159)- ==> Parameters: S000120031334(String), 1452182400000(Long), 1470967200000(Long)
2019-01-13 00:12:17,204 DEBUG (BaseJdbcLogger.java:159)- <==      Total: 0
2019-01-13 00:12:17,205 DEBUG (BaseJdbcLogger.java:159)- ==>  Preparing: select id, uuid, name, `desc`, `order` from e_room_t where uuid = ? 
2019-01-13 00:12:17,205 DEBUG (BaseJdbcLogger.java:159)- ==> Parameters: S000120031335(String)
2019-01-13 00:12:17,215 DEBUG (BaseJdbcLogger.java:159)- <==      Total: 1
2019-01-13 00:12:17,216 DEBUG (BaseJdbcLogger.java:159)- ==>  Preparing: select run_at, value from d_room_day_t where uuid = ? and run_at >= ? and run_at <= ? 
2019-01-13 00:12:17,217 DEBUG (BaseJdbcLogger.java:159)- ==> Parameters: S000120031335(String), 1452182400000(Long), 1470967200000(Long)
2019-01-13 00:12:17,226 DEBUG (BaseJdbcLogger.java:159)- <==      Total: 0
2019-01-13 00:12:17,227 DEBUG (BaseJdbcLogger.java:159)- ==>  Preparing: select id, uuid, name, `desc`, `order` from e_room_t where uuid = ? 
2019-01-13 00:12:17,227 DEBUG (BaseJdbcLogger.java:159)- ==> Parameters: S000120031336(String)
2019-01-13 00:12:17,237 DEBUG (BaseJdbcLogger.java:159)- <==      Total: 1
2019-01-13 00:12:17,238 DEBUG (BaseJdbcLogger.java:159)- ==>  Preparing: select run_at, value from d_room_day_t where uuid = ? and run_at >= ? and run_at <= ? 
2019-01-13 00:12:17,238 DEBUG (BaseJdbcLogger.java:159)- ==> Parameters: S000120031336(String), 1452182400000(Long), 1470967200000(Long)
2019-01-13 00:12:17,247 DEBUG (BaseJdbcLogger.java:159)- <==      Total: 0
2019-01-13 00:12:17,248 DEBUG (BaseJdbcLogger.java:159)- ==>  Preparing: select id, uuid, name, `desc`, `order` from e_room_t where uuid = ? 
2019-01-13 00:12:17,248 DEBUG (BaseJdbcLogger.java:159)- ==> Parameters: S000120031337(String)
2019-01-13 00:12:17,258 DEBUG (BaseJdbcLogger.java:159)- <==      Total: 1
2019-01-13 00:12:17,259 DEBUG (BaseJdbcLogger.java:159)- ==>  Preparing: select run_at, value from d_room_day_t where uuid = ? and run_at >= ? and run_at <= ? 
2019-01-13 00:12:17,259 DEBUG (BaseJdbcLogger.java:159)- ==> Parameters: S000120031337(String), 1452182400000(Long), 1470967200000(Long)
2019-01-13 00:12:17,268 DEBUG (BaseJdbcLogger.java:159)- <==      Total: 0
2019-01-13 00:12:17,269 DEBUG (BaseJdbcLogger.java:159)- ==>  Preparing: select id, uuid, name, `desc`, `order` from e_room_t where uuid = ? 
2019-01-13 00:12:17,270 DEBUG (BaseJdbcLogger.java:159)- ==> Parameters: S000120031338(String)
2019-01-13 00:12:17,280 DEBUG (BaseJdbcLogger.java:159)- <==      Total: 1
2019-01-13 00:12:17,280 DEBUG (BaseJdbcLogger.java:159)- ==>  Preparing: select run_at, value from d_room_day_t where uuid = ? and run_at >= ? and run_at <= ? 
2019-01-13 00:12:17,281 DEBUG (BaseJdbcLogger.java:159)- ==> Parameters: S000120031338(String), 1452182400000(Long), 1470967200000(Long)
2019-01-13 00:12:17,301 DEBUG (BaseJdbcLogger.java:159)- <==      Total: 218
2019-01-13 00:12:17,301 DEBUG (BaseJdbcLogger.java:159)- ==>  Preparing: select id, uuid, name, `desc`, `order` from e_room_t where uuid = ? 
2019-01-13 00:12:17,302 DEBUG (BaseJdbcLogger.java:159)- ==> Parameters: S000120031339(String)
2019-01-13 00:12:17,312 DEBUG (BaseJdbcLogger.java:159)- <==      Total: 1
2019-01-13 00:12:17,312 DEBUG (BaseJdbcLogger.java:159)- ==>  Preparing: select run_at, value from d_room_day_t where uuid = ? and run_at >= ? and run_at <= ? 
2019-01-13 00:12:17,313 DEBUG (BaseJdbcLogger.java:159)- ==> Parameters: S000120031339(String), 1452182400000(Long), 1470967200000(Long)
2019-01-13 00:12:17,321 DEBUG (BaseJdbcLogger.java:159)- <==      Total: 0
2019-01-13 00:12:17,322 DEBUG (BaseJdbcLogger.java:159)- ==>  Preparing: select id, uuid, name, `desc`, `order` from e_room_t where uuid = ? 
2019-01-13 00:12:17,323 DEBUG (BaseJdbcLogger.java:159)- ==> Parameters: S000120031340(String)
2019-01-13 00:12:17,332 DEBUG (BaseJdbcLogger.java:159)- <==      Total: 1
2019-01-13 00:12:17,333 DEBUG (BaseJdbcLogger.java:159)- ==>  Preparing: select run_at, value from d_room_day_t where uuid = ? and run_at >= ? and run_at <= ? 
2019-01-13 00:12:17,334 DEBUG (BaseJdbcLogger.java:159)- ==> Parameters: S000120031340(String), 1452182400000(Long), 1470967200000(Long)
2019-01-13 00:12:17,343 DEBUG (BaseJdbcLogger.java:159)- <==      Total: 0
2019-01-13 00:12:17,344 DEBUG (BaseJdbcLogger.java:159)- ==>  Preparing: select id, uuid, name, `desc`, `order` from e_room_t where uuid = ? 
2019-01-13 00:12:17,344 DEBUG (BaseJdbcLogger.java:159)- ==> Parameters: S000120031341(String)
2019-01-13 00:12:17,354 DEBUG (BaseJdbcLogger.java:159)- <==      Total: 1
2019-01-13 00:12:17,355 DEBUG (BaseJdbcLogger.java:159)- ==>  Preparing: select run_at, value from d_room_day_t where uuid = ? and run_at >= ? and run_at <= ? 
2019-01-13 00:12:17,356 DEBUG (BaseJdbcLogger.java:159)- ==> Parameters: S000120031341(String), 1452182400000(Long), 1470967200000(Long)
2019-01-13 00:12:17,371 DEBUG (BaseJdbcLogger.java:159)- <==      Total: 218
2019-01-13 00:12:17,372 DEBUG (BaseJdbcLogger.java:159)- ==>  Preparing: select id, uuid, name, `desc`, `order` from e_room_t where uuid = ? 
2019-01-13 00:12:17,373 DEBUG (BaseJdbcLogger.java:159)- ==> Parameters: S000120031342(String)
2019-01-13 00:12:17,383 DEBUG (BaseJdbcLogger.java:159)- <==      Total: 1
2019-01-13 00:12:17,384 DEBUG (BaseJdbcLogger.java:159)- ==>  Preparing: select run_at, value from d_room_day_t where uuid = ? and run_at >= ? and run_at <= ? 
2019-01-13 00:12:17,384 DEBUG (BaseJdbcLogger.java:159)- ==> Parameters: S000120031342(String), 1452182400000(Long), 1470967200000(Long)
2019-01-13 00:12:17,402 DEBUG (BaseJdbcLogger.java:159)- <==      Total: 218
2019-01-13 00:12:17,402 DEBUG (BaseJdbcLogger.java:159)- ==>  Preparing: select id, uuid, name, `desc`, `order` from e_room_t where uuid = ? 
2019-01-13 00:12:17,403 DEBUG (BaseJdbcLogger.java:159)- ==> Parameters: S000120031343(String)
2019-01-13 00:12:17,413 DEBUG (BaseJdbcLogger.java:159)- <==      Total: 1
2019-01-13 00:12:17,414 DEBUG (BaseJdbcLogger.java:159)- ==>  Preparing: select run_at, value from d_room_day_t where uuid = ? and run_at >= ? and run_at <= ? 
2019-01-13 00:12:17,414 DEBUG (BaseJdbcLogger.java:159)- ==> Parameters: S000120031343(String), 1452182400000(Long), 1470967200000(Long)
2019-01-13 00:12:17,429 DEBUG (BaseJdbcLogger.java:159)- <==      Total: 218
2019-01-13 00:12:17,430 DEBUG (BaseJdbcLogger.java:159)- ==>  Preparing: select id, uuid, name, `desc`, `order` from e_room_t where uuid = ? 
2019-01-13 00:12:17,431 DEBUG (BaseJdbcLogger.java:159)- ==> Parameters: S000120031344(String)
2019-01-13 00:12:17,441 DEBUG (BaseJdbcLogger.java:159)- <==      Total: 1
2019-01-13 00:12:17,443 DEBUG (BaseJdbcLogger.java:159)- ==>  Preparing: select run_at, value from d_room_day_t where uuid = ? and run_at >= ? and run_at <= ? 
2019-01-13 00:12:17,443 DEBUG (BaseJdbcLogger.java:159)- ==> Parameters: S000120031344(String), 1452182400000(Long), 1470967200000(Long)
2019-01-13 00:12:17,452 DEBUG (BaseJdbcLogger.java:159)- <==      Total: 0
2019-01-13 00:12:17,453 DEBUG (BaseJdbcLogger.java:159)- ==>  Preparing: select id, uuid, name, `desc`, `order` from e_room_t where uuid = ? 
2019-01-13 00:12:17,453 DEBUG (BaseJdbcLogger.java:159)- ==> Parameters: S000120031345(String)
2019-01-13 00:12:17,463 DEBUG (BaseJdbcLogger.java:159)- <==      Total: 1
2019-01-13 00:12:17,464 DEBUG (BaseJdbcLogger.java:159)- ==>  Preparing: select run_at, value from d_room_day_t where uuid = ? and run_at >= ? and run_at <= ? 
2019-01-13 00:12:17,464 DEBUG (BaseJdbcLogger.java:159)- ==> Parameters: S000120031345(String), 1452182400000(Long), 1470967200000(Long)
2019-01-13 00:12:17,474 DEBUG (BaseJdbcLogger.java:159)- <==      Total: 0
2019-01-13 00:12:17,474 DEBUG (BaseJdbcLogger.java:159)- ==>  Preparing: select id, uuid, name, `desc`, `order` from e_room_t where uuid = ? 
2019-01-13 00:12:17,475 DEBUG (BaseJdbcLogger.java:159)- ==> Parameters: S000120031346(String)
2019-01-13 00:12:17,484 DEBUG (BaseJdbcLogger.java:159)- <==      Total: 1
2019-01-13 00:12:17,485 DEBUG (BaseJdbcLogger.java:159)- ==>  Preparing: select run_at, value from d_room_day_t where uuid = ? and run_at >= ? and run_at <= ? 
2019-01-13 00:12:17,486 DEBUG (BaseJdbcLogger.java:159)- ==> Parameters: S000120031346(String), 1452182400000(Long), 1470967200000(Long)
2019-01-13 00:12:17,496 DEBUG (BaseJdbcLogger.java:159)- <==      Total: 0
2019-01-13 00:12:17,497 DEBUG (BaseJdbcLogger.java:159)- ==>  Preparing: select id, uuid, name, `desc`, `order` from e_room_t where uuid = ? 
2019-01-13 00:12:17,498 DEBUG (BaseJdbcLogger.java:159)- ==> Parameters: S000120031347(String)
2019-01-13 00:12:17,508 DEBUG (BaseJdbcLogger.java:159)- <==      Total: 1
2019-01-13 00:12:17,509 DEBUG (BaseJdbcLogger.java:159)- ==>  Preparing: select run_at, value from d_room_day_t where uuid = ? and run_at >= ? and run_at <= ? 
2019-01-13 00:12:17,510 DEBUG (BaseJdbcLogger.java:159)- ==> Parameters: S000120031347(String), 1452182400000(Long), 1470967200000(Long)
2019-01-13 00:12:17,519 DEBUG (BaseJdbcLogger.java:159)- <==      Total: 0
2019-01-13 00:12:17,519 DEBUG (BaseJdbcLogger.java:159)- ==>  Preparing: select id, uuid, name, `desc`, `order` from e_room_t where uuid = ? 
2019-01-13 00:12:17,520 DEBUG (BaseJdbcLogger.java:159)- ==> Parameters: S000120031348(String)
2019-01-13 00:12:17,530 DEBUG (BaseJdbcLogger.java:159)- <==      Total: 1
2019-01-13 00:12:17,530 DEBUG (BaseJdbcLogger.java:159)- ==>  Preparing: select run_at, value from d_room_day_t where uuid = ? and run_at >= ? and run_at <= ? 
2019-01-13 00:12:17,531 DEBUG (BaseJdbcLogger.java:159)- ==> Parameters: S000120031348(String), 1452182400000(Long), 1470967200000(Long)
2019-01-13 00:12:17,540 DEBUG (BaseJdbcLogger.java:159)- <==      Total: 0
2019-01-13 00:12:17,540 DEBUG (BaseJdbcLogger.java:159)- ==>  Preparing: select id, uuid, name, `desc`, `order` from e_room_t where uuid = ? 
2019-01-13 00:12:17,541 DEBUG (BaseJdbcLogger.java:159)- ==> Parameters: S000120031349(String)
2019-01-13 00:12:17,551 DEBUG (BaseJdbcLogger.java:159)- <==      Total: 1
2019-01-13 00:12:17,552 DEBUG (BaseJdbcLogger.java:159)- ==>  Preparing: select run_at, value from d_room_day_t where uuid = ? and run_at >= ? and run_at <= ? 
2019-01-13 00:12:17,552 DEBUG (BaseJdbcLogger.java:159)- ==> Parameters: S000120031349(String), 1452182400000(Long), 1470967200000(Long)
2019-01-13 00:12:17,562 DEBUG (BaseJdbcLogger.java:159)- <==      Total: 0
2019-01-13 00:12:17,563 DEBUG (BaseJdbcLogger.java:159)- ==>  Preparing: select id, uuid, name, `desc`, `order` from e_room_t where uuid = ? 
2019-01-13 00:12:17,564 DEBUG (BaseJdbcLogger.java:159)- ==> Parameters: S000120031350(String)
2019-01-13 00:12:17,574 DEBUG (BaseJdbcLogger.java:159)- <==      Total: 1
2019-01-13 00:12:17,575 DEBUG (BaseJdbcLogger.java:159)- ==>  Preparing: select run_at, value from d_room_day_t where uuid = ? and run_at >= ? and run_at <= ? 
2019-01-13 00:12:17,575 DEBUG (BaseJdbcLogger.java:159)- ==> Parameters: S000120031350(String), 1452182400000(Long), 1470967200000(Long)
2019-01-13 00:12:17,584 DEBUG (BaseJdbcLogger.java:159)- <==      Total: 0
2019-01-13 00:12:17,585 DEBUG (BaseJdbcLogger.java:159)- ==>  Preparing: select id, uuid, name, `desc`, `order` from e_room_t where uuid = ? 
2019-01-13 00:12:17,586 DEBUG (BaseJdbcLogger.java:159)- ==> Parameters: S000120031351(String)
2019-01-13 00:12:17,596 DEBUG (BaseJdbcLogger.java:159)- <==      Total: 1
2019-01-13 00:12:17,597 DEBUG (BaseJdbcLogger.java:159)- ==>  Preparing: select run_at, value from d_room_day_t where uuid = ? and run_at >= ? and run_at <= ? 
2019-01-13 00:12:17,598 DEBUG (BaseJdbcLogger.java:159)- ==> Parameters: S000120031351(String), 1452182400000(Long), 1470967200000(Long)
2019-01-13 00:12:17,608 DEBUG (BaseJdbcLogger.java:159)- <==      Total: 0
2019-01-13 00:12:17,609 DEBUG (BaseJdbcLogger.java:159)- ==>  Preparing: select id, uuid, name, `desc`, `order` from e_room_t where uuid = ? 
2019-01-13 00:12:17,610 DEBUG (BaseJdbcLogger.java:159)- ==> Parameters: S000120031352(String)
2019-01-13 00:12:17,620 DEBUG (BaseJdbcLogger.java:159)- <==      Total: 1
2019-01-13 00:12:17,621 DEBUG (BaseJdbcLogger.java:159)- ==>  Preparing: select run_at, value from d_room_day_t where uuid = ? and run_at >= ? and run_at <= ? 
2019-01-13 00:12:17,622 DEBUG (BaseJdbcLogger.java:159)- ==> Parameters: S000120031352(String), 1452182400000(Long), 1470967200000(Long)
2019-01-13 00:12:17,631 DEBUG (BaseJdbcLogger.java:159)- <==      Total: 0
2019-01-13 00:12:17,632 DEBUG (BaseJdbcLogger.java:159)- ==>  Preparing: select id, uuid, name, `desc`, `order` from e_room_t where uuid = ? 
2019-01-13 00:12:17,632 DEBUG (BaseJdbcLogger.java:159)- ==> Parameters: S000120031353(String)
2019-01-13 00:12:17,643 DEBUG (BaseJdbcLogger.java:159)- <==      Total: 1
2019-01-13 00:12:17,644 DEBUG (BaseJdbcLogger.java:159)- ==>  Preparing: select run_at, value from d_room_day_t where uuid = ? and run_at >= ? and run_at <= ? 
2019-01-13 00:12:17,645 DEBUG (BaseJdbcLogger.java:159)- ==> Parameters: S000120031353(String), 1452182400000(Long), 1470967200000(Long)
2019-01-13 00:12:17,655 DEBUG (BaseJdbcLogger.java:159)- <==      Total: 0
2019-01-13 00:12:17,656 DEBUG (BaseJdbcLogger.java:159)- ==>  Preparing: select id, uuid, name, `desc`, `order` from e_room_t where uuid = ? 
2019-01-13 00:12:17,656 DEBUG (BaseJdbcLogger.java:159)- ==> Parameters: S000120031354(String)
2019-01-13 00:12:17,667 DEBUG (BaseJdbcLogger.java:159)- <==      Total: 1
2019-01-13 00:12:17,668 DEBUG (BaseJdbcLogger.java:159)- ==>  Preparing: select run_at, value from d_room_day_t where uuid = ? and run_at >= ? and run_at <= ? 
2019-01-13 00:12:17,669 DEBUG (BaseJdbcLogger.java:159)- ==> Parameters: S000120031354(String), 1452182400000(Long), 1470967200000(Long)
2019-01-13 00:12:17,679 DEBUG (BaseJdbcLogger.java:159)- <==      Total: 0
2019-01-13 00:12:17,680 DEBUG (BaseJdbcLogger.java:159)- ==>  Preparing: select id, uuid, name, `desc`, `order` from e_room_t where uuid = ? 
2019-01-13 00:12:17,681 DEBUG (BaseJdbcLogger.java:159)- ==> Parameters: S000120031355(String)
2019-01-13 00:12:17,692 DEBUG (BaseJdbcLogger.java:159)- <==      Total: 1
2019-01-13 00:12:17,694 DEBUG (BaseJdbcLogger.java:159)- ==>  Preparing: select run_at, value from d_room_day_t where uuid = ? and run_at >= ? and run_at <= ? 
2019-01-13 00:12:17,695 DEBUG (BaseJdbcLogger.java:159)- ==> Parameters: S000120031355(String), 1452182400000(Long), 1470967200000(Long)
2019-01-13 00:12:17,714 DEBUG (BaseJdbcLogger.java:159)- <==      Total: 218
2019-01-13 00:12:17,716 DEBUG (BaseJdbcLogger.java:159)- ==>  Preparing: select id, uuid, name, `desc`, `order` from e_room_t where uuid = ? 
2019-01-13 00:12:17,717 DEBUG (BaseJdbcLogger.java:159)- ==> Parameters: S000120031356(String)
2019-01-13 00:12:17,727 DEBUG (BaseJdbcLogger.java:159)- <==      Total: 1
2019-01-13 00:12:17,728 DEBUG (BaseJdbcLogger.java:159)- ==>  Preparing: select run_at, value from d_room_day_t where uuid = ? and run_at >= ? and run_at <= ? 
2019-01-13 00:12:17,729 DEBUG (BaseJdbcLogger.java:159)- ==> Parameters: S000120031356(String), 1452182400000(Long), 1470967200000(Long)
2019-01-13 00:12:17,746 DEBUG (BaseJdbcLogger.java:159)- <==      Total: 218
2019-01-13 00:12:17,747 DEBUG (BaseJdbcLogger.java:159)- ==>  Preparing: select id, uuid, name, `desc`, `order` from e_room_t where uuid = ? 
2019-01-13 00:12:17,748 DEBUG (BaseJdbcLogger.java:159)- ==> Parameters: S000120031357(String)
2019-01-13 00:12:17,759 DEBUG (BaseJdbcLogger.java:159)- <==      Total: 1
2019-01-13 00:12:17,760 DEBUG (BaseJdbcLogger.java:159)- ==>  Preparing: select run_at, value from d_room_day_t where uuid = ? and run_at >= ? and run_at <= ? 
2019-01-13 00:12:17,761 DEBUG (BaseJdbcLogger.java:159)- ==> Parameters: S000120031357(String), 1452182400000(Long), 1470967200000(Long)
2019-01-13 00:12:17,776 DEBUG (BaseJdbcLogger.java:159)- <==      Total: 218
2019-01-13 00:12:17,777 DEBUG (BaseJdbcLogger.java:159)- ==>  Preparing: select id, uuid, name, `desc`, `order` from e_room_t where uuid = ? 
2019-01-13 00:12:17,777 DEBUG (BaseJdbcLogger.java:159)- ==> Parameters: S000120031358(String)
2019-01-13 00:12:17,787 DEBUG (BaseJdbcLogger.java:159)- <==      Total: 1
2019-01-13 00:12:17,789 DEBUG (BaseJdbcLogger.java:159)- ==>  Preparing: select run_at, value from d_room_day_t where uuid = ? and run_at >= ? and run_at <= ? 
2019-01-13 00:12:17,790 DEBUG (BaseJdbcLogger.java:159)- ==> Parameters: S000120031358(String), 1452182400000(Long), 1470967200000(Long)
2019-01-13 00:12:17,803 DEBUG (BaseJdbcLogger.java:159)- <==      Total: 218
2019-01-13 00:12:17,804 DEBUG (BaseJdbcLogger.java:159)- ==>  Preparing: select id, uuid, name, `desc`, `order` from e_room_t where uuid = ? 
2019-01-13 00:12:17,805 DEBUG (BaseJdbcLogger.java:159)- ==> Parameters: S000120031359(String)
2019-01-13 00:12:17,815 DEBUG (BaseJdbcLogger.java:159)- <==      Total: 1
2019-01-13 00:12:17,816 DEBUG (BaseJdbcLogger.java:159)- ==>  Preparing: select run_at, value from d_room_day_t where uuid = ? and run_at >= ? and run_at <= ? 
2019-01-13 00:12:17,817 DEBUG (BaseJdbcLogger.java:159)- ==> Parameters: S000120031359(String), 1452182400000(Long), 1470967200000(Long)
2019-01-13 00:12:17,837 DEBUG (BaseJdbcLogger.java:159)- <==      Total: 218
2019-01-13 00:12:17,838 DEBUG (BaseJdbcLogger.java:159)- ==>  Preparing: select id, uuid, name, `desc`, `order` from e_room_t where uuid = ? 
2019-01-13 00:12:17,839 DEBUG (BaseJdbcLogger.java:159)- ==> Parameters: S000120031360(String)
2019-01-13 00:12:17,849 DEBUG (BaseJdbcLogger.java:159)- <==      Total: 1
2019-01-13 00:12:17,850 DEBUG (BaseJdbcLogger.java:159)- ==>  Preparing: select run_at, value from d_room_day_t where uuid = ? and run_at >= ? and run_at <= ? 
2019-01-13 00:12:17,851 DEBUG (BaseJdbcLogger.java:159)- ==> Parameters: S000120031360(String), 1452182400000(Long), 1470967200000(Long)
2019-01-13 00:12:17,860 DEBUG (BaseJdbcLogger.java:159)- <==      Total: 0
2019-01-13 00:12:17,862 DEBUG (BaseJdbcLogger.java:159)- ==>  Preparing: select id, uuid, name, `desc`, `order` from e_room_t where uuid = ? 
2019-01-13 00:12:17,863 DEBUG (BaseJdbcLogger.java:159)- ==> Parameters: S000120031361(String)
2019-01-13 00:12:17,873 DEBUG (BaseJdbcLogger.java:159)- <==      Total: 1
2019-01-13 00:12:17,874 DEBUG (BaseJdbcLogger.java:159)- ==>  Preparing: select run_at, value from d_room_day_t where uuid = ? and run_at >= ? and run_at <= ? 
2019-01-13 00:12:17,875 DEBUG (BaseJdbcLogger.java:159)- ==> Parameters: S000120031361(String), 1452182400000(Long), 1470967200000(Long)
2019-01-13 00:12:17,884 DEBUG (BaseJdbcLogger.java:159)- <==      Total: 0
2019-01-13 00:12:17,886 DEBUG (BaseJdbcLogger.java:159)- ==>  Preparing: select id, uuid, name, `desc`, `order` from e_room_t where uuid = ? 
2019-01-13 00:12:17,886 DEBUG (BaseJdbcLogger.java:159)- ==> Parameters: S000120031362(String)
2019-01-13 00:12:17,896 DEBUG (BaseJdbcLogger.java:159)- <==      Total: 1
2019-01-13 00:12:17,897 DEBUG (BaseJdbcLogger.java:159)- ==>  Preparing: select run_at, value from d_room_day_t where uuid = ? and run_at >= ? and run_at <= ? 
2019-01-13 00:12:17,898 DEBUG (BaseJdbcLogger.java:159)- ==> Parameters: S000120031362(String), 1452182400000(Long), 1470967200000(Long)
2019-01-13 00:12:17,907 DEBUG (BaseJdbcLogger.java:159)- <==      Total: 0
2019-01-13 00:12:17,908 DEBUG (BaseJdbcLogger.java:159)- ==>  Preparing: select id, uuid, name, `desc`, `order` from e_room_t where uuid = ? 
2019-01-13 00:12:17,908 DEBUG (BaseJdbcLogger.java:159)- ==> Parameters: S000120031363(String)
2019-01-13 00:12:17,918 DEBUG (BaseJdbcLogger.java:159)- <==      Total: 1
2019-01-13 00:12:17,919 DEBUG (BaseJdbcLogger.java:159)- ==>  Preparing: select run_at, value from d_room_day_t where uuid = ? and run_at >= ? and run_at <= ? 
2019-01-13 00:12:17,920 DEBUG (BaseJdbcLogger.java:159)- ==> Parameters: S000120031363(String), 1452182400000(Long), 1470967200000(Long)
2019-01-13 00:12:17,928 DEBUG (BaseJdbcLogger.java:159)- <==      Total: 0
2019-01-13 00:12:17,929 DEBUG (BaseJdbcLogger.java:159)- ==>  Preparing: select id, uuid, name, `desc`, `order` from e_room_t where uuid = ? 
2019-01-13 00:12:17,930 DEBUG (BaseJdbcLogger.java:159)- ==> Parameters: S000120031364(String)
2019-01-13 00:12:17,940 DEBUG (BaseJdbcLogger.java:159)- <==      Total: 1
2019-01-13 00:12:17,941 DEBUG (BaseJdbcLogger.java:159)- ==>  Preparing: select run_at, value from d_room_day_t where uuid = ? and run_at >= ? and run_at <= ? 
2019-01-13 00:12:17,941 DEBUG (BaseJdbcLogger.java:159)- ==> Parameters: S000120031364(String), 1452182400000(Long), 1470967200000(Long)
2019-01-13 00:12:17,950 DEBUG (BaseJdbcLogger.java:159)- <==      Total: 0
2019-01-13 00:12:17,951 DEBUG (BaseJdbcLogger.java:159)- ==>  Preparing: select id, uuid, name, `desc`, `order` from e_room_t where uuid = ? 
2019-01-13 00:12:17,951 DEBUG (BaseJdbcLogger.java:159)- ==> Parameters: S000120031365(String)
2019-01-13 00:12:17,961 DEBUG (BaseJdbcLogger.java:159)- <==      Total: 1
2019-01-13 00:12:17,962 DEBUG (BaseJdbcLogger.java:159)- ==>  Preparing: select run_at, value from d_room_day_t where uuid = ? and run_at >= ? and run_at <= ? 
2019-01-13 00:12:17,962 DEBUG (BaseJdbcLogger.java:159)- ==> Parameters: S000120031365(String), 1452182400000(Long), 1470967200000(Long)
2019-01-13 00:12:17,971 DEBUG (BaseJdbcLogger.java:159)- <==      Total: 0
2019-01-13 00:12:17,972 DEBUG (BaseJdbcLogger.java:159)- ==>  Preparing: select id, uuid, name, `desc`, `order` from e_room_t where uuid = ? 
2019-01-13 00:12:17,973 DEBUG (BaseJdbcLogger.java:159)- ==> Parameters: S000120031366(String)
2019-01-13 00:12:17,983 DEBUG (BaseJdbcLogger.java:159)- <==      Total: 1
2019-01-13 00:12:17,984 DEBUG (BaseJdbcLogger.java:159)- ==>  Preparing: select run_at, value from d_room_day_t where uuid = ? and run_at >= ? and run_at <= ? 
2019-01-13 00:12:17,984 DEBUG (BaseJdbcLogger.java:159)- ==> Parameters: S000120031366(String), 1452182400000(Long), 1470967200000(Long)
2019-01-13 00:12:17,998 DEBUG (BaseJdbcLogger.java:159)- <==      Total: 218
2019-01-13 00:12:17,999 DEBUG (BaseJdbcLogger.java:159)- ==>  Preparing: select id, uuid, name, `desc`, `order` from e_room_t where uuid = ? 
2019-01-13 00:12:18,000 DEBUG (BaseJdbcLogger.java:159)- ==> Parameters: S000120031367(String)
2019-01-13 00:12:18,011 DEBUG (BaseJdbcLogger.java:159)- <==      Total: 1
2019-01-13 00:12:18,012 DEBUG (BaseJdbcLogger.java:159)- ==>  Preparing: select run_at, value from d_room_day_t where uuid = ? and run_at >= ? and run_at <= ? 
2019-01-13 00:12:18,012 DEBUG (BaseJdbcLogger.java:159)- ==> Parameters: S000120031367(String), 1452182400000(Long), 1470967200000(Long)
2019-01-13 00:12:18,025 DEBUG (BaseJdbcLogger.java:159)- <==      Total: 218
